<?xml version="1.0" encoding="UTF-8"?>
<testsuite xmlns:xsi="http://www.w3.org/2001/XMLSchema-instance" xsi:noNamespaceSchemaLocation="https://maven.apache.org/surefire/maven-surefire-plugin/xsd/surefire-test-report.xsd" version="3.0.2" name="TestSuite" time="17.785" tests="2" errors="0" skipped="0" failures="0">
  <properties>
[...]
</properties>
  <testcase name="verify_account_registration" classname="testCases.TC001_AccountRegistrationTest" time="3.15">
    <system-out><![CDATA[10:14:47.462 [main] DEBUG org.testng.TestNG - suiteXmlPath: "D:\SeleniumWorkspace\OpenCart\master.xml"
10:14:52.187 [main] INFO  testCases.TC001_AccountRegistrationTest - ********Statring TC001_AccountRegistrationTest ***********
10:14:52.211 [main] INFO  testCases.TC001_AccountRegistrationTest - ****Clicked on MyAccount Link****
10:14:52.335 [main] INFO  testCases.TC001_AccountRegistrationTest - ****Clicked on Register Link******
10:14:53.600 [main] INFO  testCases.TC001_AccountRegistrationTest - ****Providing Customer details*****
10:14:55.270 [main] INFO  testCases.TC001_AccountRegistrationTest - ******validating expected message*******
10:14:55.318 [main] INFO  testCases.TC001_AccountRegistrationTest - *****Finished TC001_AccountRegistrationTest*****
]]></system-out>
    <system-err><![CDATA[Jun 11, 2025 10:14:49 AM org.openqa.selenium.devtools.CdpVersionFinder findNearestMatch
WARNING: Unable to find an exact match for CDP version 137, returning the closest version; found: 134; Please update to a Selenium version that supports CDP version 137
]]></system-err>
  </testcase>
  <testcase name="verify_login" classname="testCases.TC002_LoginTest" time="1.585">
    <system-out><![CDATA[10:15:00.019 [main] INFO  testCases.TC002_LoginTest - *********Staring TC002_LoginTest *********
10:15:01.601 [main] INFO  testCases.TC002_LoginTest - ********Finished TC002_LoginTest ************
]]></system-out>
    <system-err><![CDATA[Jun 11, 2025 10:14:59 AM org.openqa.selenium.devtools.CdpVersionFinder findNearestMatch
WARNING: Unable to find an exact match for CDP version 137, returning the closest version; found: 134; Please update to a Selenium version that supports CDP version 137
]]></system-err>
  </testcase>
</testsuite>